<?xml version='1.0' encoding='UTF-8'?>
<testsuite hostname="JarvisMac.local" name="BufferTester" tests="3" errors="0" failures="0" skipped="0" time="11.91" timestamp="2022-01-27T14:51:31">
          <properties>
[...]
</properties>
          <testcase classname="BufferTester" name="should test SRAM" time="1.234">
                      
                    </testcase><testcase classname="BufferTester" name="should test Kernal Buffer" time="5.045">
                      
                    </testcase><testcase classname="BufferTester" name="should test Neuron Buffer" time="5.631">
                      
                    </testcase>
          <system-out><![CDATA[]]></system-out>
          <system-err><![CDATA[]]></system-err>
        </testsuite>